<?xml version="1.0" encoding="UTF-8"?>
<!-- Generated by org.testng.reporters.JUnitReportReporter -->
<testsuite hostname="Roy" failures="0" tests="1" name="CrudWithoutBDD.UpdateProject" time="1.311" errors="0" timestamp="2023-05-08T12:33:40 IST" skipped="0">
  <testcase classname="CrudWithoutBDD.UpdateProject" name="updateProject" time="1.311"/>
  <system-out/>
</testsuite> <!-- CrudWithoutBDD.UpdateProject -->
