<?xml version="1.0" encoding="UTF-8"?>
<!-- Generated by org.testng.reporters.JUnitReportReporter -->
<testsuite hostname="Roy" failures="0" tests="1" name="ResponseBodyValidation.DynamicResponseValidation" time="5.979" errors="0" timestamp="2023-05-09T15:34:20 IST" skipped="0">
  <testcase classname="ResponseBodyValidation.DynamicResponseValidation" name="dynamicResp" time="5.979"/>
  <system-out/>
</testsuite> <!-- ResponseBodyValidation.DynamicResponseValidation -->
