<?xml version="1.0" encoding="UTF-8"?>
<!-- Generated by org.testng.reporters.JUnitReportReporter -->
<testsuite hostname="Roy" failures="0" tests="1" name="CrudWithBDD.UpdateProject" time="4.313" errors="0" timestamp="2023-05-08T15:51:38 IST" skipped="0">
  <testcase classname="CrudWithBDD.UpdateProject" name="updateProject" time="4.313"/>
  <system-out/>
</testsuite> <!-- CrudWithBDD.UpdateProject -->
