<?xml version="1.0" encoding="UTF-8"?>
<!-- Generated by org.testng.reporters.JUnitReportReporter -->
<testsuite hostname="Roy" failures="0" tests="1" name="DifferentWaysToPostRequest.JsonObject" time="4.342" errors="0" timestamp="2023-05-09T12:31:13 IST" skipped="0">
  <testcase classname="DifferentWaysToPostRequest.JsonObject" name="jsonObject" time="4.342"/>
  <system-out/>
</testsuite> <!-- DifferentWaysToPostRequest.JsonObject -->
