<?xml version="1.0" encoding="UTF-8"?>
<!-- Generated by org.testng.reporters.JUnitReportReporter -->
<testsuite hostname="Roy" failures="0" tests="1" name="CrudWithoutBDD.getSingleProject" time="3.610" errors="0" timestamp="2023-05-08T12:23:09 IST" skipped="0">
  <testcase classname="CrudWithoutBDD.getSingleProject" name="getSingleProject" time="3.610"/>
  <system-out/>
</testsuite> <!-- CrudWithoutBDD.getSingleProject -->
