<?xml version="1.0" encoding="UTF-8"?>
<!-- Generated by org.testng.reporters.JUnitReportReporter -->
<testsuite hostname="Roy" failures="0" tests="1" name="SerializationAndDeserialization.EmployeeDeserialization" time="0.424" errors="0" timestamp="2023-05-08T10:37:06 IST" skipped="0">
  <testcase classname="SerializationAndDeserialization.EmployeeDeserialization" name="EmpDeserial" time="0.424"/>
  <system-out/>
</testsuite> <!-- SerializationAndDeserialization.EmployeeDeserialization -->
