<?xml version="1.0" encoding="UTF-8"?>
<!-- Generated by org.testng.reporters.JUnitReportReporter -->
<testsuite hostname="Roy" failures="0" tests="1" name="DifferentWaysToPostRequest.UsingHashMapBody" time="4.380" errors="0" timestamp="2023-05-09T11:23:28 IST" skipped="0">
  <testcase classname="DifferentWaysToPostRequest.UsingHashMapBody" name="usingHashMap" time="4.380"/>
  <system-out/>
</testsuite> <!-- DifferentWaysToPostRequest.UsingHashMapBody -->
