<?xml version="1.0" encoding="UTF-8"?>
<!-- Generated by org.testng.reporters.JUnitReportReporter -->
<testsuite hostname="Roy" failures="0" tests="1" name="ResponseBodyValidation.StaticResponseValidation" time="6.833" errors="0" timestamp="2023-05-09T15:37:54 IST" skipped="0">
  <testcase classname="ResponseBodyValidation.StaticResponseValidation" name="staticResp" time="6.833"/>
  <system-out/>
</testsuite> <!-- ResponseBodyValidation.StaticResponseValidation -->
