<?xml version="1.0" encoding="UTF-8"?>
<!-- Generated by org.testng.reporters.JUnitReportReporter -->
<testsuite hostname="Roy" failures="0" tests="1" name="CrudWithBDD.GetAllProjects" time="4.884" errors="0" timestamp="2023-05-09T15:37:28 IST" skipped="0">
  <testcase classname="CrudWithBDD.GetAllProjects" name="getAllProject" time="4.884"/>
  <system-out/>
</testsuite> <!-- CrudWithBDD.GetAllProjects -->
