<?xml version="1.0" encoding="UTF-8"?>
<!-- Generated by org.testng.reporters.JUnitReportReporter -->
<testsuite hostname="Roy" failures="0" tests="1" name="DifferentWaysToPostRequest.UsingJsonFile" time="3.728" errors="0" timestamp="2023-05-09T12:20:10 IST" skipped="0">
  <testcase classname="DifferentWaysToPostRequest.UsingJsonFile" name="usingJsonFile" time="3.728"/>
  <system-out/>
</testsuite> <!-- DifferentWaysToPostRequest.UsingJsonFile -->
