<?xml version="1.0" encoding="UTF-8"?>
<!-- Generated by org.testng.reporters.JUnitReportReporter -->
<testsuite hostname="Roy" failures="0" tests="1" name="CrudWithoutBDD.getAllProject" time="3.761" errors="0" timestamp="2023-05-08T12:32:57 IST" skipped="0">
  <testcase classname="CrudWithoutBDD.getAllProject" name="getAllProject" time="3.761"/>
  <system-out/>
</testsuite> <!-- CrudWithoutBDD.getAllProject -->
