<?xml version="1.0" encoding="UTF-8"?>
<!-- Generated by org.testng.reporters.JUnitReportReporter -->
<testsuite hostname="Roy" failures="0" tests="1" name="SerializationAndDeserialization.EmployeeSearialization" time="0.513" errors="0" timestamp="2023-05-05T13:18:12 IST" skipped="0">
  <testcase classname="SerializationAndDeserialization.EmployeeSearialization" name="empSerial" time="0.513"/>
  <system-out/>
</testsuite> <!-- SerializationAndDeserialization.EmployeeSearialization -->
