<?xml version="1.0" encoding="UTF-8"?>
<!-- Generated by org.testng.reporters.JUnitReportReporter -->
<testsuite hostname="Roy" failures="0" tests="1" name="DifferentWaysToPostRequest.UsingPojoClass" time="4.550" errors="0" timestamp="2023-05-09T14:47:44 IST" skipped="0">
  <testcase classname="DifferentWaysToPostRequest.UsingPojoClass" name="run" time="4.550"/>
  <system-out/>
</testsuite> <!-- DifferentWaysToPostRequest.UsingPojoClass -->
