<?xml version="1.0" encoding="UTF-8"?>
<!-- Generated by org.testng.reporters.JUnitReportReporter -->
<testsuite hostname="Roy" failures="0" tests="1" name="CrudWithoutBDD.CreateProject" time="5.268" errors="0" timestamp="2023-05-08T12:57:07 IST" skipped="0">
  <testcase classname="CrudWithoutBDD.CreateProject" name="createProj" time="5.268"/>
  <system-out/>
</testsuite> <!-- CrudWithoutBDD.CreateProject -->
