<?xml version="1.0" encoding="UTF-8"?>
<!-- Generated by org.testng.reporters.JUnitReportReporter -->
<testsuite hostname="Roy" failures="0" tests="1" name="CrudWithBDD.CreateProject" time="4.464" errors="0" timestamp="2023-05-09T15:36:24 IST" skipped="0">
  <testcase classname="CrudWithBDD.CreateProject" name="createProject" time="4.464"/>
  <system-out/>
</testsuite> <!-- CrudWithBDD.CreateProject -->
