<?xml version="1.0" encoding="UTF-8"?>
<!-- Generated by org.testng.reporters.JUnitReportReporter -->
<testsuite hostname="Roy" failures="0" tests="1" name="CrudWithBDD.GetSingleProject" time="3.550" errors="0" timestamp="2023-05-08T15:50:19 IST" skipped="0">
  <testcase classname="CrudWithBDD.GetSingleProject" name="getSingleProject" time="3.550"/>
  <system-out/>
</testsuite> <!-- CrudWithBDD.GetSingleProject -->
