<?xml version="1.0" encoding="UTF-8"?>
<!-- Generated by org.testng.reporters.JUnitReportReporter -->
<testsuite hostname="Roy" failures="0" tests="1" name="DifferentWaysToPostRequest.UsingHashMap" time="4.417" errors="0" timestamp="2023-05-09T10:57:06 IST" skipped="0">
  <testcase classname="DifferentWaysToPostRequest.UsingHashMap" name="usingHashMap" time="4.417"/>
  <system-out/>
</testsuite> <!-- DifferentWaysToPostRequest.UsingHashMap -->
